<?xml version='1.0' encoding='UTF-8' ?>
<testsuite name="com.example.dogglers.VerticalListTests" tests="4" failures="0" errors="0" skipped="0" time="4.465" timestamp="2022-10-04T10:09:15" hostname="localhost">
  <properties>
    <property name="device" value="6.7_Horizontal_Fold-in_API_30(AVD) - 11" />
    <property name="flavor" value="" />
    <property name="project" value=":app" />
  </properties>
  <testcase name="recycler_view_item_count" classname="com.example.dogglers.VerticalListTests" time="1.168" />
  <testcase name="vertical_scroll_content_at_last_position" classname="com.example.dogglers.VerticalListTests" time="0.668" />
  <testcase name="vertical_scrolling" classname="com.example.dogglers.VerticalListTests" time="0.797" />
  <testcase name="vertical_scroll_content_at_first_position" classname="com.example.dogglers.VerticalListTests" time="0.72" />
</testsuite>